TN:
SF:src/pages/FreestyleModePage/FreestyleModePage.js
FN:16,(anonymous_0)
FN:20,(anonymous_1)
FNF:2
FNH:0
FNDA:0,(anonymous_0)
FNDA:0,(anonymous_1)
DA:16,0
DA:17,0
DA:18,0
DA:20,0
DA:21,0
DA:22,0
DA:25,0
DA:33,0
DA:39,0
LF:9
LH:0
BRDA:51,0,0,0
BRDA:51,0,1,0
BRDA:52,1,0,0
BRDA:52,1,1,0
BRDA:52,1,2,0
BRDA:57,2,0,0
BRDA:57,2,1,0
BRF:7
BRH:0
end_of_record
TN:
SF:src/pages/StudyModePage/StudyModePage.js
FN:21,(anonymous_0)
FN:23,(anonymous_1)
FN:42,(anonymous_2)
FN:46,(anonymous_3)
FN:49,(anonymous_4)
FN:53,(anonymous_5)
FN:57,(anonymous_6)
FN:71,(anonymous_7)
FN:74,(anonymous_8)
FN:78,(anonymous_9)
FN:82,(anonymous_10)
FN:92,(anonymous_11)
FN:101,(anonymous_12)
FN:110,(anonymous_13)
FN:116,(anonymous_14)
FN:125,(anonymous_15)
FN:129,(anonymous_16)
FN:134,(anonymous_17)
FN:138,(anonymous_18)
FN:145,(anonymous_19)
FN:150,(anonymous_20)
FN:154,(anonymous_21)
FN:159,(anonymous_22)
FN:165,(anonymous_23)
FN:166,(anonymous_24)
FN:181,(anonymous_25)
FN:194,(anonymous_26)
FN:202,(anonymous_27)
FN:213,(anonymous_28)
FN:217,(anonymous_29)
FN:236,(anonymous_30)
FN:240,(anonymous_31)
FN:272,(anonymous_32)
FNF:33
FNH:0
FNDA:0,(anonymous_0)
FNDA:0,(anonymous_1)
FNDA:0,(anonymous_2)
FNDA:0,(anonymous_3)
FNDA:0,(anonymous_4)
FNDA:0,(anonymous_5)
FNDA:0,(anonymous_6)
FNDA:0,(anonymous_7)
FNDA:0,(anonymous_8)
FNDA:0,(anonymous_9)
FNDA:0,(anonymous_10)
FNDA:0,(anonymous_11)
FNDA:0,(anonymous_12)
FNDA:0,(anonymous_13)
FNDA:0,(anonymous_14)
FNDA:0,(anonymous_15)
FNDA:0,(anonymous_16)
FNDA:0,(anonymous_17)
FNDA:0,(anonymous_18)
FNDA:0,(anonymous_19)
FNDA:0,(anonymous_20)
FNDA:0,(anonymous_21)
FNDA:0,(anonymous_22)
FNDA:0,(anonymous_23)
FNDA:0,(anonymous_24)
FNDA:0,(anonymous_25)
FNDA:0,(anonymous_26)
FNDA:0,(anonymous_27)
FNDA:0,(anonymous_28)
FNDA:0,(anonymous_29)
FNDA:0,(anonymous_30)
FNDA:0,(anonymous_31)
FNDA:0,(anonymous_32)
DA:21,0
DA:23,0
DA:24,0
DA:25,0
DA:33,0
DA:35,0
DA:36,0
DA:37,0
DA:38,0
DA:39,0
DA:40,0
DA:42,0
DA:43,0
DA:44,0
DA:45,0
DA:47,0
DA:50,0
DA:51,0
DA:53,0
DA:57,0
DA:58,0
DA:59,0
DA:60,0
DA:61,0
DA:62,0
DA:63,0
DA:64,0
DA:66,0
DA:68,0
DA:69,0
DA:70,0
DA:72,0
DA:75,0
DA:76,0
DA:78,0
DA:82,0
DA:83,0
DA:84,0
DA:85,0
DA:86,0
DA:87,0
DA:88,0
DA:91,0
DA:92,0
DA:93,0
DA:94,0
DA:95,0
DA:96,0
DA:97,0
DA:98,0
DA:100,0
DA:102,0
DA:103,0
DA:104,0
DA:105,0
DA:107,0
DA:111,0
DA:112,0
DA:113,0
DA:114,0
DA:116,0
DA:118,0
DA:119,0
DA:120,0
DA:121,0
DA:122,0
DA:124,0
DA:126,0
DA:127,0
DA:130,0
DA:131,0
DA:132,0
DA:134,0
DA:138,0
DA:139,0
DA:140,0
DA:141,0
DA:144,0
DA:145,0
DA:146,0
DA:147,0
DA:148,0
DA:149,0
DA:151,0
DA:152,0
DA:155,0
DA:156,0
DA:157,0
DA:159,0
DA:160,0
DA:161,0
DA:165,0
DA:166,0
DA:167,0
DA:168,0
DA:169,0
DA:170,0
DA:171,0
DA:172,0
DA:173,0
DA:174,0
DA:175,0
DA:177,0
DA:181,0
DA:182,0
DA:183,0
DA:184,0
DA:185,0
DA:186,0
DA:187,0
DA:189,0
DA:191,0
DA:194,0
DA:195,0
DA:196,0
DA:197,0
DA:198,0
DA:202,0
DA:203,0
DA:205,0
DA:206,0
DA:207,0
DA:213,0
DA:218,0
DA:225,0
DA:226,0
DA:228,0
DA:229,0
DA:230,0
DA:236,0
DA:241,0
DA:248,0
DA:249,0
DA:252,0
DA:255,0
DA:272,0
LF:136
LH:0
BRDA:21,0,0,0
BRDA:21,0,1,0
BRDA:43,1,0,0
BRDA:43,1,1,0
BRDA:43,2,0,0
BRDA:43,2,1,0
BRDA:47,3,0,0
BRDA:47,3,1,0
BRDA:68,4,0,0
BRDA:68,4,1,0
BRDA:68,5,0,0
BRDA:68,5,1,0
BRDA:72,6,0,0
BRDA:72,6,1,0
BRDA:83,7,0,0
BRDA:83,7,1,0
BRDA:91,8,0,0
BRDA:91,8,1,0
BRDA:93,9,0,0
BRDA:93,9,1,0
BRDA:93,10,0,0
BRDA:93,10,1,0
BRDA:102,11,0,0
BRDA:102,11,1,0
BRDA:104,12,0,0
BRDA:104,12,1,0
BRDA:118,13,0,0
BRDA:118,13,1,0
BRDA:118,14,0,0
BRDA:118,14,1,0
BRDA:118,14,2,0
BRDA:126,15,0,0
BRDA:126,15,1,0
BRDA:139,16,0,0
BRDA:139,16,1,0
BRDA:144,17,0,0
BRDA:144,17,1,0
BRDA:144,18,0,0
BRDA:144,18,1,0
BRDA:144,18,2,0
BRDA:146,19,0,0
BRDA:146,19,1,0
BRDA:147,20,0,0
BRDA:147,20,1,0
BRDA:147,21,0,0
BRDA:147,21,1,0
BRDA:147,21,2,0
BRDA:151,22,0,0
BRDA:151,22,1,0
BRDA:160,23,0,0
BRDA:160,23,1,0
BRDA:167,24,0,0
BRDA:167,24,1,0
BRDA:168,25,0,0
BRDA:168,25,1,0
BRDA:185,26,0,0
BRDA:185,26,1,0
BRDA:197,27,0,0
BRDA:197,27,1,0
BRDA:205,28,0,0
BRDA:205,28,1,0
BRDA:206,29,0,0
BRDA:206,29,1,0
BRDA:212,30,0,0
BRDA:212,30,1,0
BRDA:225,31,0,0
BRDA:225,31,1,0
BRDA:225,32,0,0
BRDA:225,32,1,0
BRDA:228,33,0,0
BRDA:228,33,1,0
BRDA:229,34,0,0
BRDA:229,34,1,0
BRDA:235,35,0,0
BRDA:235,35,1,0
BRDA:242,36,0,0
BRDA:242,36,1,0
BRDA:242,36,2,0
BRDA:248,37,0,0
BRDA:248,37,1,0
BRDA:248,38,0,0
BRDA:248,38,1,0
BRDA:270,39,0,0
BRDA:270,39,1,0
BRDA:286,40,0,0
BRDA:286,40,1,0
BRDA:287,41,0,0
BRDA:287,41,1,0
BRDA:287,41,2,0
BRDA:287,41,3,0
BRDA:287,41,4,0
BRDA:287,41,5,0
BRDA:292,42,0,0
BRDA:292,42,1,0
BRDA:299,43,0,0
BRDA:299,43,1,0
BRDA:299,44,0,0
BRDA:299,44,1,0
BRDA:301,45,0,0
BRDA:301,45,1,0
BRDA:302,46,0,0
BRDA:302,46,1,0
BRDA:308,47,0,0
BRDA:308,47,1,0
BRDA:308,48,0,0
BRDA:308,48,1,0
BRDA:308,48,2,0
BRDA:310,49,0,0
BRDA:310,49,1,0
BRDA:316,50,0,0
BRDA:316,50,1,0
BRDA:316,50,2,0
BRDA:316,50,3,0
BRDA:316,50,4,0
BRDA:316,50,5,0
BRDA:318,51,0,0
BRDA:318,51,1,0
BRDA:325,52,0,0
BRDA:325,52,1,0
BRDA:325,52,2,0
BRDA:325,52,3,0
BRDA:325,52,4,0
BRDA:325,52,5,0
BRDA:325,52,6,0
BRDA:331,53,0,0
BRDA:331,53,1,0
BRDA:338,54,0,0
BRDA:338,54,1,0
BRF:128
BRH:0
end_of_record
